<?xml version="1.0" encoding="UTF-8"?>
<!-- Generated by org.testng.reporters.JUnitReportReporter -->
<testsuite hostname="LAPTOP-0AA086FB" failures="0" tests="4" name="testNGKeyword.MyTestClass2" time="0.013" errors="0" timestamp="2022-07-04T22:01:39 IST" skipped="0">
  <testcase classname="testNGKeyword.MyTestClass2" name="p" time="0.010"/>
  <system-out>
    <![CDATA[P is running,sanity]]>
  </system-out>
  <testcase classname="testNGKeyword.MyTestClass2" name="q" time="0.001"/>
  <system-out>
    <![CDATA[Q is running,regression]]>
  </system-out>
  <testcase classname="testNGKeyword.MyTestClass2" name="r" time="0.001"/>
  <system-out>
    <![CDATA[R is running,sanity]]>
  </system-out>
  <testcase classname="testNGKeyword.MyTestClass2" name="s" time="0.001"/>
  <system-out>
    <![CDATA[S is running,regression]]>
  </system-out>
</testsuite> <!-- testNGKeyword.MyTestClass2 -->
