<?xml version="1.0" encoding="UTF-8"?>
<!-- Generated by org.testng.reporters.JUnitReportReporter -->
<testsuite hostname="LAPTOP-0AA086FB" failures="0" tests="3" name="testNGKeyword.EnableUse" time="0.012" errors="0" timestamp="2022-06-23T09:30:25 IST" skipped="1">
  <testcase classname="testNGKeyword.EnableUse" name="f" time="0.001"/>
  <system-out>
    <![CDATA[d is running]]>
  </system-out>
  <testcase classname="testNGKeyword.EnableUse" name="c" time="0.011"/>
  <system-out>
    <![CDATA[c is running]]>
  </system-out>
  <testcase classname="testNGKeyword.EnableUse" name="a">
    <skipped/>
  </testcase> <!-- a -->
  <system-out/>
</testsuite> <!-- testNGKeyword.EnableUse -->
