<?xml version="1.0" encoding="UTF-8"?>
<!-- Generated by org.testng.reporters.JUnitReportReporter -->
<testsuite hostname="LAPTOP-0AA086FB" failures="0" tests="1" name="testNGKeyword.DependsOnMethod" time="0.012" errors="0" timestamp="2022-06-23T09:59:05 IST" skipped="0">
  <testcase classname="testNGKeyword.DependsOnMethod" name="v" time="0.012"/>
  <system-out>
    <![CDATA[v is running]]>
  </system-out>
</testsuite> <!-- testNGKeyword.DependsOnMethod -->
