<?xml version="1.0" encoding="UTF-8"?>
<!-- Generated by org.testng.reporters.JUnitReportReporter -->
<testsuite hostname="LAPTOP-0AA086FB" failures="0" tests="3" name="testNGKeyword.Priority" time="0.011" errors="0" timestamp="2022-06-23T09:34:21 IST" skipped="0">
  <testcase classname="testNGKeyword.Priority" name="c" time="0.009"/>
  <system-out>
    <![CDATA[c is running]]>
  </system-out>
  <testcase classname="testNGKeyword.Priority" name="d" time="0.001"/>
  <system-out>
    <![CDATA[d is running]]>
  </system-out>
  <testcase classname="testNGKeyword.Priority" name="a" time="0.001"/>
  <system-out>
    <![CDATA[a is running]]>
  </system-out>
</testsuite> <!-- testNGKeyword.Priority -->
