<?xml version="1.0" encoding="UTF-8"?>
<!-- Generated by org.testng.reporters.JUnitReportReporter -->
<testsuite hostname="LAPTOP-0AA086FB" failures="0" tests="1" name="testNGStudy.AnnotationStudy" time="0.005" errors="0" timestamp="2022-06-22T23:08:25 IST" skipped="0">
  <testcase classname="testNGStudy.AnnotationStudy" name="mymethod" time="0.005"/>
  <system-out>
    <![CDATA[User ID Validated]]>
  </system-out>
</testsuite> <!-- testNGStudy.AnnotationStudy -->
