<?xml version="1.0" encoding="UTF-8"?>
<!-- Generated by org.testng.reporters.JUnitReportReporter -->
<testsuite hostname="LAPTOP-0AA086FB" failures="0" tests="1" name="crossBrowserTest.FireFox" time="12.286" errors="0" timestamp="2022-07-03T00:16:28 IST" skipped="0">
  <testcase classname="crossBrowserTest.FireFox" name="myMethod" time="12.286"/>
  <system-out/>
</testsuite> <!-- crossBrowserTest.FireFox -->
